<?xml version="1.0" encoding="UTF-8"?>
<!-- Generated by org.testng.reporters.JUnitXMLReporter -->
<testsuite ignored="0" hostname="DESKTOP-LA7286V" failures="0" tests="2" name="Default test" time="4.851" errors="0" timestamp="2022-04-04T16:48:32 IST">
  <testcase classname="TestSuiteEmployee.TestRegisterEmployee" name="TestRegisterEmployeeWithInValidData" time="3.673"/>
  <testcase classname="TestSuiteEmployee.TestRegisterEmployee" name="TestRegisterEmployeeWithValidData" time="0.61"/>
</testsuite> <!-- Default test -->
