<?xml version="1.0" encoding="UTF-8"?>
<!-- Generated by org.testng.reporters.JUnitXMLReporter -->
<testsuite ignored="4" hostname="DESKTOP-LA7286V" failures="0" tests="1" name="Default test" time="2.95" errors="0" timestamp="2022-04-21T19:20:27 IST">
  <testcase classname="TestSuiteEmployee.LoginTest" name="ValidLoginWithMockTestSample02" time="2.837"/>
  <testcase classname="mockService.WireMockTest" name="getOrderSuccess" time="0.0">
    <ignored/>
  </testcase> <!-- getOrderSuccess -->
  <testcase classname="TestSuiteEmployee.LoginTest" name="ValidLoginTest" time="0.0">
    <ignored/>
  </testcase> <!-- ValidLoginTest -->
  <testcase classname="mockService.WireMockTest" name="getOrderFailure" time="0.0">
    <ignored/>
  </testcase> <!-- getOrderFailure -->
  <testcase classname="TestSuiteEmployee.LoginTest" name="ValidLoginWithMockTestSample01" time="0.0">
    <ignored/>
  </testcase> <!-- ValidLoginWithMockTestSample01 -->
</testsuite> <!-- Default test -->
