<?xml version="1.0" encoding="UTF-8"?>
<testng-results ignored="0" total="1" passed="1" failed="0" skipped="0">
  <reporter-output>
  </reporter-output>
  <suite started-at="2022-04-02T09:16:53 IST" name="Default suite" finished-at="2022-04-02T09:16:56 IST" duration-ms="3141">
    <groups>
    </groups>
    <test started-at="2022-04-02T09:16:53 IST" name="Default test" finished-at="2022-04-02T09:16:56 IST" duration-ms="3141">
      <class name="TestSuiteEmployee.TestRegisterEmployee">
        <test-method is-config="true" signature="SetUp()[pri:0, instance:TestSuiteEmployee.TestRegisterEmployee@9225652]" started-at="2022-04-02T09:16:53 IST" name="SetUp" finished-at="2022-04-02T09:16:54 IST" duration-ms="567" status="PASS">
          <reporter-output>
          </reporter-output>
        </test-method> <!-- SetUp -->
        <test-method signature="TestRegisterEmployeeWithValidData()[pri:0, instance:TestSuiteEmployee.TestRegisterEmployee@9225652]" started-at="2022-04-02T09:16:54 IST" name="TestRegisterEmployeeWithValidData" finished-at="2022-04-02T09:16:56 IST" duration-ms="2540" status="PASS">
          <reporter-output>
          </reporter-output>
        </test-method> <!-- TestRegisterEmployeeWithValidData -->
      </class> <!-- TestSuiteEmployee.TestRegisterEmployee -->
    </test> <!-- Default test -->
  </suite> <!-- Default suite -->
</testng-results>
